<?xml version="1.0" encoding="UTF-8"?>
<testsuite xmlns:xsi="http://www.w3.org/2001/XMLSchema-instance" xsi:noNamespaceSchemaLocation="https://maven.apache.org/surefire/maven-surefire-plugin/xsd/surefire-test-report-3.0.xsd" version="3.0" name="com.bigc.TliasWebManagementApplicationTests" time="0.017" tests="1" errors="0" skipped="0" failures="0">
  <properties>
    <property name="java.specification.version" value="17"/>
    <property name="sun.jnu.encoding" value="UTF-8"/>
    <property name="java.class.path" value="/Users/qianlong/Git/Study/project/test/tlias-web-management/target/test-classes:/Users/qianlong/Git/Study/project/test/tlias-web-management/target/classes:/Users/qianlong/Git/Study/project/maven/apache-maven-3.9.5/mvn_repo/org/springframework/boot/spring-boot-starter-web/3.2.0/spring-boot-starter-web-3.2.0.jar:/Users/qianlong/Git/Study/project/maven/apache-maven-3.9.5/mvn_repo/org/springframework/boot/spring-boot-starter/3.2.0/spring-boot-starter-3.2.0.jar:/Users/qianlong/Git/Study/project/maven/apache-maven-3.9.5/mvn_repo/org/springframework/boot/spring-boot/3.2.0/spring-boot-3.2.0.jar:/Users/qianlong/Git/Study/project/maven/apache-maven-3.9.5/mvn_repo/org/springframework/boot/spring-boot-autoconfigure/3.2.0/spring-boot-autoconfigure-3.2.0.jar:/Users/qianlong/Git/Study/project/maven/apache-maven-3.9.5/mvn_repo/org/springframework/boot/spring-boot-starter-logging/3.2.0/spring-boot-starter-logging-3.2.0.jar:/Users/qianlong/Git/Study/project/maven/apache-maven-3.9.5/mvn_repo/ch/qos/logback/logback-classic/1.4.11/logback-classic-1.4.11.jar:/Users/qianlong/Git/Study/project/maven/apache-maven-3.9.5/mvn_repo/ch/qos/logback/logback-core/1.4.11/logback-core-1.4.11.jar:/Users/qianlong/Git/Study/project/maven/apache-maven-3.9.5/mvn_repo/org/apache/logging/log4j/log4j-to-slf4j/2.21.1/log4j-to-slf4j-2.21.1.jar:/Users/qianlong/Git/Study/project/maven/apache-maven-3.9.5/mvn_repo/org/apache/logging/log4j/log4j-api/2.21.1/log4j-api-2.21.1.jar:/Users/qianlong/Git/Study/project/maven/apache-maven-3.9.5/mvn_repo/org/slf4j/jul-to-slf4j/2.0.9/jul-to-slf4j-2.0.9.jar:/Users/qianlong/Git/Study/project/maven/apache-maven-3.9.5/mvn_repo/jakarta/annotation/jakarta.annotation-api/2.1.1/jakarta.annotation-api-2.1.1.jar:/Users/qianlong/Git/Study/project/maven/apache-maven-3.9.5/mvn_repo/org/yaml/snakeyaml/2.2/snakeyaml-2.2.jar:/Users/qianlong/Git/Study/project/maven/apache-maven-3.9.5/mvn_repo/org/springframework/boot/spring-boot-starter-json/3.2.0/spring-boot-starter-json-3.2.0.jar:/Users/qianlong/Git/Study/project/maven/apache-maven-3.9.5/mvn_repo/com/fasterxml/jackson/datatype/jackson-datatype-jdk8/2.15.3/jackson-datatype-jdk8-2.15.3.jar:/Users/qianlong/Git/Study/project/maven/apache-maven-3.9.5/mvn_repo/com/fasterxml/jackson/datatype/jackson-datatype-jsr310/2.15.3/jackson-datatype-jsr310-2.15.3.jar:/Users/qianlong/Git/Study/project/maven/apache-maven-3.9.5/mvn_repo/com/fasterxml/jackson/module/jackson-module-parameter-names/2.15.3/jackson-module-parameter-names-2.15.3.jar:/Users/qianlong/Git/Study/project/maven/apache-maven-3.9.5/mvn_repo/org/springframework/boot/spring-boot-starter-tomcat/3.2.0/spring-boot-starter-tomcat-3.2.0.jar:/Users/qianlong/Git/Study/project/maven/apache-maven-3.9.5/mvn_repo/org/apache/tomcat/embed/tomcat-embed-core/10.1.16/tomcat-embed-core-10.1.16.jar:/Users/qianlong/Git/Study/project/maven/apache-maven-3.9.5/mvn_repo/org/apache/tomcat/embed/tomcat-embed-el/10.1.16/tomcat-embed-el-10.1.16.jar:/Users/qianlong/Git/Study/project/maven/apache-maven-3.9.5/mvn_repo/org/apache/tomcat/embed/tomcat-embed-websocket/10.1.16/tomcat-embed-websocket-10.1.16.jar:/Users/qianlong/Git/Study/project/maven/apache-maven-3.9.5/mvn_repo/org/springframework/spring-web/6.1.1/spring-web-6.1.1.jar:/Users/qianlong/Git/Study/project/maven/apache-maven-3.9.5/mvn_repo/org/springframework/spring-beans/6.1.1/spring-beans-6.1.1.jar:/Users/qianlong/Git/Study/project/maven/apache-maven-3.9.5/mvn_repo/io/micrometer/micrometer-observation/1.12.0/micrometer-observation-1.12.0.jar:/Users/qianlong/Git/Study/project/maven/apache-maven-3.9.5/mvn_repo/io/micrometer/micrometer-commons/1.12.0/micrometer-commons-1.12.0.jar:/Users/qianlong/Git/Study/project/maven/apache-maven-3.9.5/mvn_repo/org/springframework/spring-webmvc/6.1.1/spring-webmvc-6.1.1.jar:/Users/qianlong/Git/Study/project/maven/apache-maven-3.9.5/mvn_repo/org/springframework/spring-context/6.1.1/spring-context-6.1.1.jar:/Users/qianlong/Git/Study/project/maven/apache-maven-3.9.5/mvn_repo/org/springframework/spring-expression/6.1.1/spring-expression-6.1.1.jar:/Users/qianlong/Git/Study/project/maven/apache-maven-3.9.5/mvn_repo/org/mybatis/spring/boot/mybatis-spring-boot-starter/3.0.3/mybatis-spring-boot-starter-3.0.3.jar:/Users/qianlong/Git/Study/project/maven/apache-maven-3.9.5/mvn_repo/org/springframework/boot/spring-boot-starter-jdbc/3.2.0/spring-boot-starter-jdbc-3.2.0.jar:/Users/qianlong/Git/Study/project/maven/apache-maven-3.9.5/mvn_repo/com/zaxxer/HikariCP/5.0.1/HikariCP-5.0.1.jar:/Users/qianlong/Git/Study/project/maven/apache-maven-3.9.5/mvn_repo/org/springframework/spring-jdbc/6.1.1/spring-jdbc-6.1.1.jar:/Users/qianlong/Git/Study/project/maven/apache-maven-3.9.5/mvn_repo/org/mybatis/spring/boot/mybatis-spring-boot-autoconfigure/3.0.3/mybatis-spring-boot-autoconfigure-3.0.3.jar:/Users/qianlong/Git/Study/project/maven/apache-maven-3.9.5/mvn_repo/org/mybatis/mybatis/3.5.14/mybatis-3.5.14.jar:/Users/qianlong/Git/Study/project/maven/apache-maven-3.9.5/mvn_repo/org/mybatis/mybatis-spring/3.0.3/mybatis-spring-3.0.3.jar:/Users/qianlong/Git/Study/project/maven/apache-maven-3.9.5/mvn_repo/com/mysql/mysql-connector-j/8.1.0/mysql-connector-j-8.1.0.jar:/Users/qianlong/Git/Study/project/maven/apache-maven-3.9.5/mvn_repo/org/projectlombok/lombok/1.18.30/lombok-1.18.30.jar:/Users/qianlong/Git/Study/project/maven/apache-maven-3.9.5/mvn_repo/org/springframework/boot/spring-boot-starter-test/3.2.0/spring-boot-starter-test-3.2.0.jar:/Users/qianlong/Git/Study/project/maven/apache-maven-3.9.5/mvn_repo/org/springframework/boot/spring-boot-test/3.2.0/spring-boot-test-3.2.0.jar:/Users/qianlong/Git/Study/project/maven/apache-maven-3.9.5/mvn_repo/org/springframework/boot/spring-boot-test-autoconfigure/3.2.0/spring-boot-test-autoconfigure-3.2.0.jar:/Users/qianlong/Git/Study/project/maven/apache-maven-3.9.5/mvn_repo/com/jayway/jsonpath/json-path/2.8.0/json-path-2.8.0.jar:/Users/qianlong/Git/Study/project/maven/apache-maven-3.9.5/mvn_repo/org/slf4j/slf4j-api/2.0.9/slf4j-api-2.0.9.jar:/Users/qianlong/Git/Study/project/maven/apache-maven-3.9.5/mvn_repo/jakarta/xml/bind/jakarta.xml.bind-api/4.0.1/jakarta.xml.bind-api-4.0.1.jar:/Users/qianlong/Git/Study/project/maven/apache-maven-3.9.5/mvn_repo/jakarta/activation/jakarta.activation-api/2.1.2/jakarta.activation-api-2.1.2.jar:/Users/qianlong/Git/Study/project/maven/apache-maven-3.9.5/mvn_repo/net/minidev/json-smart/2.5.0/json-smart-2.5.0.jar:/Users/qianlong/Git/Study/project/maven/apache-maven-3.9.5/mvn_repo/net/minidev/accessors-smart/2.5.0/accessors-smart-2.5.0.jar:/Users/qianlong/Git/Study/project/maven/apache-maven-3.9.5/mvn_repo/org/ow2/asm/asm/9.3/asm-9.3.jar:/Users/qianlong/Git/Study/project/maven/apache-maven-3.9.5/mvn_repo/org/assertj/assertj-core/3.24.2/assertj-core-3.24.2.jar:/Users/qianlong/Git/Study/project/maven/apache-maven-3.9.5/mvn_repo/net/bytebuddy/byte-buddy/1.14.10/byte-buddy-1.14.10.jar:/Users/qianlong/Git/Study/project/maven/apache-maven-3.9.5/mvn_repo/org/awaitility/awaitility/4.2.0/awaitility-4.2.0.jar:/Users/qianlong/Git/Study/project/maven/apache-maven-3.9.5/mvn_repo/org/hamcrest/hamcrest/2.2/hamcrest-2.2.jar:/Users/qianlong/Git/Study/project/maven/apache-maven-3.9.5/mvn_repo/org/junit/jupiter/junit-jupiter/5.10.1/junit-jupiter-5.10.1.jar:/Users/qianlong/Git/Study/project/maven/apache-maven-3.9.5/mvn_repo/org/junit/jupiter/junit-jupiter-api/5.10.1/junit-jupiter-api-5.10.1.jar:/Users/qianlong/Git/Study/project/maven/apache-maven-3.9.5/mvn_repo/org/opentest4j/opentest4j/1.3.0/opentest4j-1.3.0.jar:/Users/qianlong/Git/Study/project/maven/apache-maven-3.9.5/mvn_repo/org/junit/platform/junit-platform-commons/1.10.1/junit-platform-commons-1.10.1.jar:/Users/qianlong/Git/Study/project/maven/apache-maven-3.9.5/mvn_repo/org/apiguardian/apiguardian-api/1.1.2/apiguardian-api-1.1.2.jar:/Users/qianlong/Git/Study/project/maven/apache-maven-3.9.5/mvn_repo/org/junit/jupiter/junit-jupiter-params/5.10.1/junit-jupiter-params-5.10.1.jar:/Users/qianlong/Git/Study/project/maven/apache-maven-3.9.5/mvn_repo/org/junit/jupiter/junit-jupiter-engine/5.10.1/junit-jupiter-engine-5.10.1.jar:/Users/qianlong/Git/Study/project/maven/apache-maven-3.9.5/mvn_repo/org/junit/platform/junit-platform-engine/1.10.1/junit-platform-engine-1.10.1.jar:/Users/qianlong/Git/Study/project/maven/apache-maven-3.9.5/mvn_repo/org/mockito/mockito-core/5.7.0/mockito-core-5.7.0.jar:/Users/qianlong/Git/Study/project/maven/apache-maven-3.9.5/mvn_repo/net/bytebuddy/byte-buddy-agent/1.14.10/byte-buddy-agent-1.14.10.jar:/Users/qianlong/Git/Study/project/maven/apache-maven-3.9.5/mvn_repo/org/objenesis/objenesis/3.3/objenesis-3.3.jar:/Users/qianlong/Git/Study/project/maven/apache-maven-3.9.5/mvn_repo/org/mockito/mockito-junit-jupiter/5.7.0/mockito-junit-jupiter-5.7.0.jar:/Users/qianlong/Git/Study/project/maven/apache-maven-3.9.5/mvn_repo/org/skyscreamer/jsonassert/1.5.1/jsonassert-1.5.1.jar:/Users/qianlong/Git/Study/project/maven/apache-maven-3.9.5/mvn_repo/com/vaadin/external/google/android-json/0.0.20131108.vaadin1/android-json-0.0.20131108.vaadin1.jar:/Users/qianlong/Git/Study/project/maven/apache-maven-3.9.5/mvn_repo/org/springframework/spring-core/6.1.1/spring-core-6.1.1.jar:/Users/qianlong/Git/Study/project/maven/apache-maven-3.9.5/mvn_repo/org/springframework/spring-jcl/6.1.1/spring-jcl-6.1.1.jar:/Users/qianlong/Git/Study/project/maven/apache-maven-3.9.5/mvn_repo/org/springframework/spring-test/6.1.1/spring-test-6.1.1.jar:/Users/qianlong/Git/Study/project/maven/apache-maven-3.9.5/mvn_repo/org/xmlunit/xmlunit-core/2.9.1/xmlunit-core-2.9.1.jar:/Users/qianlong/Git/Study/project/maven/apache-maven-3.9.5/mvn_repo/org/mybatis/spring/boot/mybatis-spring-boot-starter-test/3.0.3/mybatis-spring-boot-starter-test-3.0.3.jar:/Users/qianlong/Git/Study/project/maven/apache-maven-3.9.5/mvn_repo/org/mybatis/spring/boot/mybatis-spring-boot-test-autoconfigure/3.0.3/mybatis-spring-boot-test-autoconfigure-3.0.3.jar:/Users/qianlong/Git/Study/project/maven/apache-maven-3.9.5/mvn_repo/org/springframework/spring-tx/6.1.1/spring-tx-6.1.1.jar:/Users/qianlong/Git/Study/project/maven/apache-maven-3.9.5/mvn_repo/com/github/pagehelper/pagehelper-spring-boot-starter/1.4.6/pagehelper-spring-boot-starter-1.4.6.jar:/Users/qianlong/Git/Study/project/maven/apache-maven-3.9.5/mvn_repo/com/github/pagehelper/pagehelper-spring-boot-autoconfigure/1.4.6/pagehelper-spring-boot-autoconfigure-1.4.6.jar:/Users/qianlong/Git/Study/project/maven/apache-maven-3.9.5/mvn_repo/com/github/pagehelper/pagehelper/5.3.2/pagehelper-5.3.2.jar:/Users/qianlong/Git/Study/project/maven/apache-maven-3.9.5/mvn_repo/com/github/jsqlparser/jsqlparser/4.5/jsqlparser-4.5.jar:/Users/qianlong/Git/Study/project/maven/apache-maven-3.9.5/mvn_repo/com/aliyun/oss/aliyun-sdk-oss/3.15.1/aliyun-sdk-oss-3.15.1.jar:/Users/qianlong/Git/Study/project/maven/apache-maven-3.9.5/mvn_repo/org/apache/httpcomponents/httpclient/4.4.1/httpclient-4.4.1.jar:/Users/qianlong/Git/Study/project/maven/apache-maven-3.9.5/mvn_repo/org/apache/httpcomponents/httpcore/4.4.16/httpcore-4.4.16.jar:/Users/qianlong/Git/Study/project/maven/apache-maven-3.9.5/mvn_repo/commons-logging/commons-logging/1.2/commons-logging-1.2.jar:/Users/qianlong/Git/Study/project/maven/apache-maven-3.9.5/mvn_repo/commons-codec/commons-codec/1.16.0/commons-codec-1.16.0.jar:/Users/qianlong/Git/Study/project/maven/apache-maven-3.9.5/mvn_repo/org/jdom/jdom2/2.0.6.1/jdom2-2.0.6.1.jar:/Users/qianlong/Git/Study/project/maven/apache-maven-3.9.5/mvn_repo/org/codehaus/jettison/jettison/1.1/jettison-1.1.jar:/Users/qianlong/Git/Study/project/maven/apache-maven-3.9.5/mvn_repo/stax/stax-api/1.0.1/stax-api-1.0.1.jar:/Users/qianlong/Git/Study/project/maven/apache-maven-3.9.5/mvn_repo/com/aliyun/aliyun-java-sdk-core/4.5.10/aliyun-java-sdk-core-4.5.10.jar:/Users/qianlong/Git/Study/project/maven/apache-maven-3.9.5/mvn_repo/com/google/code/gson/gson/2.10.1/gson-2.10.1.jar:/Users/qianlong/Git/Study/project/maven/apache-maven-3.9.5/mvn_repo/org/jacoco/org.jacoco.agent/0.8.5/org.jacoco.agent-0.8.5-runtime.jar:/Users/qianlong/Git/Study/project/maven/apache-maven-3.9.5/mvn_repo/org/ini4j/ini4j/0.5.4/ini4j-0.5.4.jar:/Users/qianlong/Git/Study/project/maven/apache-maven-3.9.5/mvn_repo/io/opentracing/opentracing-api/0.33.0/opentracing-api-0.33.0.jar:/Users/qianlong/Git/Study/project/maven/apache-maven-3.9.5/mvn_repo/io/opentracing/opentracing-util/0.33.0/opentracing-util-0.33.0.jar:/Users/qianlong/Git/Study/project/maven/apache-maven-3.9.5/mvn_repo/io/opentracing/opentracing-noop/0.33.0/opentracing-noop-0.33.0.jar:/Users/qianlong/Git/Study/project/maven/apache-maven-3.9.5/mvn_repo/com/aliyun/aliyun-java-sdk-ram/3.1.0/aliyun-java-sdk-ram-3.1.0.jar:/Users/qianlong/Git/Study/project/maven/apache-maven-3.9.5/mvn_repo/com/aliyun/aliyun-java-sdk-kms/2.11.0/aliyun-java-sdk-kms-2.11.0.jar:/Users/qianlong/Git/Study/project/maven/apache-maven-3.9.5/mvn_repo/javax/xml/bind/jaxb-api/2.3.1/jaxb-api-2.3.1.jar:/Users/qianlong/Git/Study/project/maven/apache-maven-3.9.5/mvn_repo/javax/activation/javax.activation-api/1.2.0/javax.activation-api-1.2.0.jar:/Users/qianlong/Git/Study/project/maven/apache-maven-3.9.5/mvn_repo/javax/activation/activation/1.1.1/activation-1.1.1.jar:/Users/qianlong/Git/Study/project/maven/apache-maven-3.9.5/mvn_repo/org/glassfish/jaxb/jaxb-runtime/2.3.3/jaxb-runtime-2.3.3.jar:/Users/qianlong/Git/Study/project/maven/apache-maven-3.9.5/mvn_repo/org/glassfish/jaxb/txw2/4.0.4/txw2-4.0.4.jar:/Users/qianlong/Git/Study/project/maven/apache-maven-3.9.5/mvn_repo/com/sun/istack/istack-commons-runtime/4.1.2/istack-commons-runtime-4.1.2.jar:/Users/qianlong/Git/Study/project/maven/apache-maven-3.9.5/mvn_repo/com/sun/activation/jakarta.activation/1.2.2/jakarta.activation-1.2.2.jar:/Users/qianlong/Git/Study/project/maven/apache-maven-3.9.5/mvn_repo/org/springframework/boot/spring-boot-configuration-processor/3.2.0/spring-boot-configuration-processor-3.2.0.jar:/Users/qianlong/Git/Study/project/maven/apache-maven-3.9.5/mvn_repo/io/jsonwebtoken/jjwt/0.9.1/jjwt-0.9.1.jar:/Users/qianlong/Git/Study/project/maven/apache-maven-3.9.5/mvn_repo/com/fasterxml/jackson/core/jackson-databind/2.15.3/jackson-databind-2.15.3.jar:/Users/qianlong/Git/Study/project/maven/apache-maven-3.9.5/mvn_repo/com/fasterxml/jackson/core/jackson-annotations/2.15.3/jackson-annotations-2.15.3.jar:/Users/qianlong/Git/Study/project/maven/apache-maven-3.9.5/mvn_repo/com/fasterxml/jackson/core/jackson-core/2.15.3/jackson-core-2.15.3.jar:/Users/qianlong/Git/Study/project/maven/apache-maven-3.9.5/mvn_repo/com/alibaba/fastjson/1.2.76/fastjson-1.2.76.jar:/Users/qianlong/Git/Study/project/maven/apache-maven-3.9.5/mvn_repo/org/springframework/boot/spring-boot-starter-aop/3.2.0/spring-boot-starter-aop-3.2.0.jar:/Users/qianlong/Git/Study/project/maven/apache-maven-3.9.5/mvn_repo/org/springframework/spring-aop/6.1.1/spring-aop-6.1.1.jar:/Users/qianlong/Git/Study/project/maven/apache-maven-3.9.5/mvn_repo/org/aspectj/aspectjweaver/1.9.20.1/aspectjweaver-1.9.20.1.jar:"/>
    <property name="java.vm.vendor" value="Oracle Corporation"/>
    <property name="sun.arch.data.model" value="64"/>
    <property name="java.vendor.url" value="https://java.oracle.com/"/>
    <property name="os.name" value="Mac OS X"/>
    <property name="java.vm.specification.version" value="17"/>
    <property name="sun.java.launcher" value="SUN_STANDARD"/>
    <property name="user.country" value="CN"/>
    <property name="sun.boot.library.path" value="/Library/Java/JavaVirtualMachines/jdk-17.jdk/Contents/Home/lib"/>
    <property name="sun.java.command" value="/Users/qianlong/Git/Study/project/test/tlias-web-management/target/surefire/surefirebooter-20231205210739130_3.jar /Users/qianlong/Git/Study/project/test/tlias-web-management/target/surefire 2023-12-05T21-07-39_099-jvmRun1 surefire-20231205210739130_1tmp surefire_0-20231205210739130_2tmp"/>
    <property name="jdk.debug" value="release"/>
    <property name="surefire.test.class.path" value="/Users/qianlong/Git/Study/project/test/tlias-web-management/target/test-classes:/Users/qianlong/Git/Study/project/test/tlias-web-management/target/classes:/Users/qianlong/Git/Study/project/maven/apache-maven-3.9.5/mvn_repo/org/springframework/boot/spring-boot-starter-web/3.2.0/spring-boot-starter-web-3.2.0.jar:/Users/qianlong/Git/Study/project/maven/apache-maven-3.9.5/mvn_repo/org/springframework/boot/spring-boot-starter/3.2.0/spring-boot-starter-3.2.0.jar:/Users/qianlong/Git/Study/project/maven/apache-maven-3.9.5/mvn_repo/org/springframework/boot/spring-boot/3.2.0/spring-boot-3.2.0.jar:/Users/qianlong/Git/Study/project/maven/apache-maven-3.9.5/mvn_repo/org/springframework/boot/spring-boot-autoconfigure/3.2.0/spring-boot-autoconfigure-3.2.0.jar:/Users/qianlong/Git/Study/project/maven/apache-maven-3.9.5/mvn_repo/org/springframework/boot/spring-boot-starter-logging/3.2.0/spring-boot-starter-logging-3.2.0.jar:/Users/qianlong/Git/Study/project/maven/apache-maven-3.9.5/mvn_repo/ch/qos/logback/logback-classic/1.4.11/logback-classic-1.4.11.jar:/Users/qianlong/Git/Study/project/maven/apache-maven-3.9.5/mvn_repo/ch/qos/logback/logback-core/1.4.11/logback-core-1.4.11.jar:/Users/qianlong/Git/Study/project/maven/apache-maven-3.9.5/mvn_repo/org/apache/logging/log4j/log4j-to-slf4j/2.21.1/log4j-to-slf4j-2.21.1.jar:/Users/qianlong/Git/Study/project/maven/apache-maven-3.9.5/mvn_repo/org/apache/logging/log4j/log4j-api/2.21.1/log4j-api-2.21.1.jar:/Users/qianlong/Git/Study/project/maven/apache-maven-3.9.5/mvn_repo/org/slf4j/jul-to-slf4j/2.0.9/jul-to-slf4j-2.0.9.jar:/Users/qianlong/Git/Study/project/maven/apache-maven-3.9.5/mvn_repo/jakarta/annotation/jakarta.annotation-api/2.1.1/jakarta.annotation-api-2.1.1.jar:/Users/qianlong/Git/Study/project/maven/apache-maven-3.9.5/mvn_repo/org/yaml/snakeyaml/2.2/snakeyaml-2.2.jar:/Users/qianlong/Git/Study/project/maven/apache-maven-3.9.5/mvn_repo/org/springframework/boot/spring-boot-starter-json/3.2.0/spring-boot-starter-json-3.2.0.jar:/Users/qianlong/Git/Study/project/maven/apache-maven-3.9.5/mvn_repo/com/fasterxml/jackson/datatype/jackson-datatype-jdk8/2.15.3/jackson-datatype-jdk8-2.15.3.jar:/Users/qianlong/Git/Study/project/maven/apache-maven-3.9.5/mvn_repo/com/fasterxml/jackson/datatype/jackson-datatype-jsr310/2.15.3/jackson-datatype-jsr310-2.15.3.jar:/Users/qianlong/Git/Study/project/maven/apache-maven-3.9.5/mvn_repo/com/fasterxml/jackson/module/jackson-module-parameter-names/2.15.3/jackson-module-parameter-names-2.15.3.jar:/Users/qianlong/Git/Study/project/maven/apache-maven-3.9.5/mvn_repo/org/springframework/boot/spring-boot-starter-tomcat/3.2.0/spring-boot-starter-tomcat-3.2.0.jar:/Users/qianlong/Git/Study/project/maven/apache-maven-3.9.5/mvn_repo/org/apache/tomcat/embed/tomcat-embed-core/10.1.16/tomcat-embed-core-10.1.16.jar:/Users/qianlong/Git/Study/project/maven/apache-maven-3.9.5/mvn_repo/org/apache/tomcat/embed/tomcat-embed-el/10.1.16/tomcat-embed-el-10.1.16.jar:/Users/qianlong/Git/Study/project/maven/apache-maven-3.9.5/mvn_repo/org/apache/tomcat/embed/tomcat-embed-websocket/10.1.16/tomcat-embed-websocket-10.1.16.jar:/Users/qianlong/Git/Study/project/maven/apache-maven-3.9.5/mvn_repo/org/springframework/spring-web/6.1.1/spring-web-6.1.1.jar:/Users/qianlong/Git/Study/project/maven/apache-maven-3.9.5/mvn_repo/org/springframework/spring-beans/6.1.1/spring-beans-6.1.1.jar:/Users/qianlong/Git/Study/project/maven/apache-maven-3.9.5/mvn_repo/io/micrometer/micrometer-observation/1.12.0/micrometer-observation-1.12.0.jar:/Users/qianlong/Git/Study/project/maven/apache-maven-3.9.5/mvn_repo/io/micrometer/micrometer-commons/1.12.0/micrometer-commons-1.12.0.jar:/Users/qianlong/Git/Study/project/maven/apache-maven-3.9.5/mvn_repo/org/springframework/spring-webmvc/6.1.1/spring-webmvc-6.1.1.jar:/Users/qianlong/Git/Study/project/maven/apache-maven-3.9.5/mvn_repo/org/springframework/spring-context/6.1.1/spring-context-6.1.1.jar:/Users/qianlong/Git/Study/project/maven/apache-maven-3.9.5/mvn_repo/org/springframework/spring-expression/6.1.1/spring-expression-6.1.1.jar:/Users/qianlong/Git/Study/project/maven/apache-maven-3.9.5/mvn_repo/org/mybatis/spring/boot/mybatis-spring-boot-starter/3.0.3/mybatis-spring-boot-starter-3.0.3.jar:/Users/qianlong/Git/Study/project/maven/apache-maven-3.9.5/mvn_repo/org/springframework/boot/spring-boot-starter-jdbc/3.2.0/spring-boot-starter-jdbc-3.2.0.jar:/Users/qianlong/Git/Study/project/maven/apache-maven-3.9.5/mvn_repo/com/zaxxer/HikariCP/5.0.1/HikariCP-5.0.1.jar:/Users/qianlong/Git/Study/project/maven/apache-maven-3.9.5/mvn_repo/org/springframework/spring-jdbc/6.1.1/spring-jdbc-6.1.1.jar:/Users/qianlong/Git/Study/project/maven/apache-maven-3.9.5/mvn_repo/org/mybatis/spring/boot/mybatis-spring-boot-autoconfigure/3.0.3/mybatis-spring-boot-autoconfigure-3.0.3.jar:/Users/qianlong/Git/Study/project/maven/apache-maven-3.9.5/mvn_repo/org/mybatis/mybatis/3.5.14/mybatis-3.5.14.jar:/Users/qianlong/Git/Study/project/maven/apache-maven-3.9.5/mvn_repo/org/mybatis/mybatis-spring/3.0.3/mybatis-spring-3.0.3.jar:/Users/qianlong/Git/Study/project/maven/apache-maven-3.9.5/mvn_repo/com/mysql/mysql-connector-j/8.1.0/mysql-connector-j-8.1.0.jar:/Users/qianlong/Git/Study/project/maven/apache-maven-3.9.5/mvn_repo/org/projectlombok/lombok/1.18.30/lombok-1.18.30.jar:/Users/qianlong/Git/Study/project/maven/apache-maven-3.9.5/mvn_repo/org/springframework/boot/spring-boot-starter-test/3.2.0/spring-boot-starter-test-3.2.0.jar:/Users/qianlong/Git/Study/project/maven/apache-maven-3.9.5/mvn_repo/org/springframework/boot/spring-boot-test/3.2.0/spring-boot-test-3.2.0.jar:/Users/qianlong/Git/Study/project/maven/apache-maven-3.9.5/mvn_repo/org/springframework/boot/spring-boot-test-autoconfigure/3.2.0/spring-boot-test-autoconfigure-3.2.0.jar:/Users/qianlong/Git/Study/project/maven/apache-maven-3.9.5/mvn_repo/com/jayway/jsonpath/json-path/2.8.0/json-path-2.8.0.jar:/Users/qianlong/Git/Study/project/maven/apache-maven-3.9.5/mvn_repo/org/slf4j/slf4j-api/2.0.9/slf4j-api-2.0.9.jar:/Users/qianlong/Git/Study/project/maven/apache-maven-3.9.5/mvn_repo/jakarta/xml/bind/jakarta.xml.bind-api/4.0.1/jakarta.xml.bind-api-4.0.1.jar:/Users/qianlong/Git/Study/project/maven/apache-maven-3.9.5/mvn_repo/jakarta/activation/jakarta.activation-api/2.1.2/jakarta.activation-api-2.1.2.jar:/Users/qianlong/Git/Study/project/maven/apache-maven-3.9.5/mvn_repo/net/minidev/json-smart/2.5.0/json-smart-2.5.0.jar:/Users/qianlong/Git/Study/project/maven/apache-maven-3.9.5/mvn_repo/net/minidev/accessors-smart/2.5.0/accessors-smart-2.5.0.jar:/Users/qianlong/Git/Study/project/maven/apache-maven-3.9.5/mvn_repo/org/ow2/asm/asm/9.3/asm-9.3.jar:/Users/qianlong/Git/Study/project/maven/apache-maven-3.9.5/mvn_repo/org/assertj/assertj-core/3.24.2/assertj-core-3.24.2.jar:/Users/qianlong/Git/Study/project/maven/apache-maven-3.9.5/mvn_repo/net/bytebuddy/byte-buddy/1.14.10/byte-buddy-1.14.10.jar:/Users/qianlong/Git/Study/project/maven/apache-maven-3.9.5/mvn_repo/org/awaitility/awaitility/4.2.0/awaitility-4.2.0.jar:/Users/qianlong/Git/Study/project/maven/apache-maven-3.9.5/mvn_repo/org/hamcrest/hamcrest/2.2/hamcrest-2.2.jar:/Users/qianlong/Git/Study/project/maven/apache-maven-3.9.5/mvn_repo/org/junit/jupiter/junit-jupiter/5.10.1/junit-jupiter-5.10.1.jar:/Users/qianlong/Git/Study/project/maven/apache-maven-3.9.5/mvn_repo/org/junit/jupiter/junit-jupiter-api/5.10.1/junit-jupiter-api-5.10.1.jar:/Users/qianlong/Git/Study/project/maven/apache-maven-3.9.5/mvn_repo/org/opentest4j/opentest4j/1.3.0/opentest4j-1.3.0.jar:/Users/qianlong/Git/Study/project/maven/apache-maven-3.9.5/mvn_repo/org/junit/platform/junit-platform-commons/1.10.1/junit-platform-commons-1.10.1.jar:/Users/qianlong/Git/Study/project/maven/apache-maven-3.9.5/mvn_repo/org/apiguardian/apiguardian-api/1.1.2/apiguardian-api-1.1.2.jar:/Users/qianlong/Git/Study/project/maven/apache-maven-3.9.5/mvn_repo/org/junit/jupiter/junit-jupiter-params/5.10.1/junit-jupiter-params-5.10.1.jar:/Users/qianlong/Git/Study/project/maven/apache-maven-3.9.5/mvn_repo/org/junit/jupiter/junit-jupiter-engine/5.10.1/junit-jupiter-engine-5.10.1.jar:/Users/qianlong/Git/Study/project/maven/apache-maven-3.9.5/mvn_repo/org/junit/platform/junit-platform-engine/1.10.1/junit-platform-engine-1.10.1.jar:/Users/qianlong/Git/Study/project/maven/apache-maven-3.9.5/mvn_repo/org/mockito/mockito-core/5.7.0/mockito-core-5.7.0.jar:/Users/qianlong/Git/Study/project/maven/apache-maven-3.9.5/mvn_repo/net/bytebuddy/byte-buddy-agent/1.14.10/byte-buddy-agent-1.14.10.jar:/Users/qianlong/Git/Study/project/maven/apache-maven-3.9.5/mvn_repo/org/objenesis/objenesis/3.3/objenesis-3.3.jar:/Users/qianlong/Git/Study/project/maven/apache-maven-3.9.5/mvn_repo/org/mockito/mockito-junit-jupiter/5.7.0/mockito-junit-jupiter-5.7.0.jar:/Users/qianlong/Git/Study/project/maven/apache-maven-3.9.5/mvn_repo/org/skyscreamer/jsonassert/1.5.1/jsonassert-1.5.1.jar:/Users/qianlong/Git/Study/project/maven/apache-maven-3.9.5/mvn_repo/com/vaadin/external/google/android-json/0.0.20131108.vaadin1/android-json-0.0.20131108.vaadin1.jar:/Users/qianlong/Git/Study/project/maven/apache-maven-3.9.5/mvn_repo/org/springframework/spring-core/6.1.1/spring-core-6.1.1.jar:/Users/qianlong/Git/Study/project/maven/apache-maven-3.9.5/mvn_repo/org/springframework/spring-jcl/6.1.1/spring-jcl-6.1.1.jar:/Users/qianlong/Git/Study/project/maven/apache-maven-3.9.5/mvn_repo/org/springframework/spring-test/6.1.1/spring-test-6.1.1.jar:/Users/qianlong/Git/Study/project/maven/apache-maven-3.9.5/mvn_repo/org/xmlunit/xmlunit-core/2.9.1/xmlunit-core-2.9.1.jar:/Users/qianlong/Git/Study/project/maven/apache-maven-3.9.5/mvn_repo/org/mybatis/spring/boot/mybatis-spring-boot-starter-test/3.0.3/mybatis-spring-boot-starter-test-3.0.3.jar:/Users/qianlong/Git/Study/project/maven/apache-maven-3.9.5/mvn_repo/org/mybatis/spring/boot/mybatis-spring-boot-test-autoconfigure/3.0.3/mybatis-spring-boot-test-autoconfigure-3.0.3.jar:/Users/qianlong/Git/Study/project/maven/apache-maven-3.9.5/mvn_repo/org/springframework/spring-tx/6.1.1/spring-tx-6.1.1.jar:/Users/qianlong/Git/Study/project/maven/apache-maven-3.9.5/mvn_repo/com/github/pagehelper/pagehelper-spring-boot-starter/1.4.6/pagehelper-spring-boot-starter-1.4.6.jar:/Users/qianlong/Git/Study/project/maven/apache-maven-3.9.5/mvn_repo/com/github/pagehelper/pagehelper-spring-boot-autoconfigure/1.4.6/pagehelper-spring-boot-autoconfigure-1.4.6.jar:/Users/qianlong/Git/Study/project/maven/apache-maven-3.9.5/mvn_repo/com/github/pagehelper/pagehelper/5.3.2/pagehelper-5.3.2.jar:/Users/qianlong/Git/Study/project/maven/apache-maven-3.9.5/mvn_repo/com/github/jsqlparser/jsqlparser/4.5/jsqlparser-4.5.jar:/Users/qianlong/Git/Study/project/maven/apache-maven-3.9.5/mvn_repo/com/aliyun/oss/aliyun-sdk-oss/3.15.1/aliyun-sdk-oss-3.15.1.jar:/Users/qianlong/Git/Study/project/maven/apache-maven-3.9.5/mvn_repo/org/apache/httpcomponents/httpclient/4.4.1/httpclient-4.4.1.jar:/Users/qianlong/Git/Study/project/maven/apache-maven-3.9.5/mvn_repo/org/apache/httpcomponents/httpcore/4.4.16/httpcore-4.4.16.jar:/Users/qianlong/Git/Study/project/maven/apache-maven-3.9.5/mvn_repo/commons-logging/commons-logging/1.2/commons-logging-1.2.jar:/Users/qianlong/Git/Study/project/maven/apache-maven-3.9.5/mvn_repo/commons-codec/commons-codec/1.16.0/commons-codec-1.16.0.jar:/Users/qianlong/Git/Study/project/maven/apache-maven-3.9.5/mvn_repo/org/jdom/jdom2/2.0.6.1/jdom2-2.0.6.1.jar:/Users/qianlong/Git/Study/project/maven/apache-maven-3.9.5/mvn_repo/org/codehaus/jettison/jettison/1.1/jettison-1.1.jar:/Users/qianlong/Git/Study/project/maven/apache-maven-3.9.5/mvn_repo/stax/stax-api/1.0.1/stax-api-1.0.1.jar:/Users/qianlong/Git/Study/project/maven/apache-maven-3.9.5/mvn_repo/com/aliyun/aliyun-java-sdk-core/4.5.10/aliyun-java-sdk-core-4.5.10.jar:/Users/qianlong/Git/Study/project/maven/apache-maven-3.9.5/mvn_repo/com/google/code/gson/gson/2.10.1/gson-2.10.1.jar:/Users/qianlong/Git/Study/project/maven/apache-maven-3.9.5/mvn_repo/org/jacoco/org.jacoco.agent/0.8.5/org.jacoco.agent-0.8.5-runtime.jar:/Users/qianlong/Git/Study/project/maven/apache-maven-3.9.5/mvn_repo/org/ini4j/ini4j/0.5.4/ini4j-0.5.4.jar:/Users/qianlong/Git/Study/project/maven/apache-maven-3.9.5/mvn_repo/io/opentracing/opentracing-api/0.33.0/opentracing-api-0.33.0.jar:/Users/qianlong/Git/Study/project/maven/apache-maven-3.9.5/mvn_repo/io/opentracing/opentracing-util/0.33.0/opentracing-util-0.33.0.jar:/Users/qianlong/Git/Study/project/maven/apache-maven-3.9.5/mvn_repo/io/opentracing/opentracing-noop/0.33.0/opentracing-noop-0.33.0.jar:/Users/qianlong/Git/Study/project/maven/apache-maven-3.9.5/mvn_repo/com/aliyun/aliyun-java-sdk-ram/3.1.0/aliyun-java-sdk-ram-3.1.0.jar:/Users/qianlong/Git/Study/project/maven/apache-maven-3.9.5/mvn_repo/com/aliyun/aliyun-java-sdk-kms/2.11.0/aliyun-java-sdk-kms-2.11.0.jar:/Users/qianlong/Git/Study/project/maven/apache-maven-3.9.5/mvn_repo/javax/xml/bind/jaxb-api/2.3.1/jaxb-api-2.3.1.jar:/Users/qianlong/Git/Study/project/maven/apache-maven-3.9.5/mvn_repo/javax/activation/javax.activation-api/1.2.0/javax.activation-api-1.2.0.jar:/Users/qianlong/Git/Study/project/maven/apache-maven-3.9.5/mvn_repo/javax/activation/activation/1.1.1/activation-1.1.1.jar:/Users/qianlong/Git/Study/project/maven/apache-maven-3.9.5/mvn_repo/org/glassfish/jaxb/jaxb-runtime/2.3.3/jaxb-runtime-2.3.3.jar:/Users/qianlong/Git/Study/project/maven/apache-maven-3.9.5/mvn_repo/org/glassfish/jaxb/txw2/4.0.4/txw2-4.0.4.jar:/Users/qianlong/Git/Study/project/maven/apache-maven-3.9.5/mvn_repo/com/sun/istack/istack-commons-runtime/4.1.2/istack-commons-runtime-4.1.2.jar:/Users/qianlong/Git/Study/project/maven/apache-maven-3.9.5/mvn_repo/com/sun/activation/jakarta.activation/1.2.2/jakarta.activation-1.2.2.jar:/Users/qianlong/Git/Study/project/maven/apache-maven-3.9.5/mvn_repo/org/springframework/boot/spring-boot-configuration-processor/3.2.0/spring-boot-configuration-processor-3.2.0.jar:/Users/qianlong/Git/Study/project/maven/apache-maven-3.9.5/mvn_repo/io/jsonwebtoken/jjwt/0.9.1/jjwt-0.9.1.jar:/Users/qianlong/Git/Study/project/maven/apache-maven-3.9.5/mvn_repo/com/fasterxml/jackson/core/jackson-databind/2.15.3/jackson-databind-2.15.3.jar:/Users/qianlong/Git/Study/project/maven/apache-maven-3.9.5/mvn_repo/com/fasterxml/jackson/core/jackson-annotations/2.15.3/jackson-annotations-2.15.3.jar:/Users/qianlong/Git/Study/project/maven/apache-maven-3.9.5/mvn_repo/com/fasterxml/jackson/core/jackson-core/2.15.3/jackson-core-2.15.3.jar:/Users/qianlong/Git/Study/project/maven/apache-maven-3.9.5/mvn_repo/com/alibaba/fastjson/1.2.76/fastjson-1.2.76.jar:/Users/qianlong/Git/Study/project/maven/apache-maven-3.9.5/mvn_repo/org/springframework/boot/spring-boot-starter-aop/3.2.0/spring-boot-starter-aop-3.2.0.jar:/Users/qianlong/Git/Study/project/maven/apache-maven-3.9.5/mvn_repo/org/springframework/spring-aop/6.1.1/spring-aop-6.1.1.jar:/Users/qianlong/Git/Study/project/maven/apache-maven-3.9.5/mvn_repo/org/aspectj/aspectjweaver/1.9.20.1/aspectjweaver-1.9.20.1.jar:"/>
    <property name="sun.cpu.endian" value="little"/>
    <property name="user.home" value="/Users/qianlong"/>
    <property name="user.language" value="zh"/>
    <property name="java.specification.vendor" value="Oracle Corporation"/>
    <property name="java.version.date" value="2023-07-18"/>
    <property name="java.home" value="/Library/Java/JavaVirtualMachines/jdk-17.jdk/Contents/Home"/>
    <property name="file.separator" value="/"/>
    <property name="basedir" value="/Users/qianlong/Git/Study/project/test/tlias-web-management"/>
    <property name="java.vm.compressedOopsMode" value="Zero based"/>
    <property name="line.separator" value="&#10;"/>
    <property name="java.vm.specification.vendor" value="Oracle Corporation"/>
    <property name="java.specification.name" value="Java Platform API Specification"/>
    <property name="surefire.real.class.path" value="/Users/qianlong/Git/Study/project/test/tlias-web-management/target/surefire/surefirebooter-20231205210739130_3.jar"/>
    <property name="user.script" value="Hans"/>
    <property name="sun.management.compiler" value="HotSpot 64-Bit Tiered Compilers"/>
    <property name="java.runtime.version" value="17.0.8+9-LTS-211"/>
    <property name="user.name" value="qianlong"/>
    <property name="path.separator" value=":"/>
    <property name="os.version" value="14.1.1"/>
    <property name="java.runtime.name" value="Java(TM) SE Runtime Environment"/>
    <property name="file.encoding" value="UTF-8"/>
    <property name="java.vm.name" value="Java HotSpot(TM) 64-Bit Server VM"/>
    <property name="localRepository" value="/Users/qianlong/Git/Study/project/maven/apache-maven-3.9.5/mvn_repo"/>
    <property name="java.vendor.url.bug" value="https://bugreport.java.com/bugreport/"/>
    <property name="java.io.tmpdir" value="/var/folders/yh/k_cpsl4976l1ywz9qb90nkmc0000gn/T/"/>
    <property name="idea.version" value="2023.2.2"/>
    <property name="java.version" value="17.0.8"/>
    <property name="user.dir" value="/Users/qianlong/Git/Study/project/test/tlias-web-management"/>
    <property name="os.arch" value="aarch64"/>
    <property name="java.vm.specification.name" value="Java Virtual Machine Specification"/>
    <property name="native.encoding" value="UTF-8"/>
    <property name="java.library.path" value="/Users/qianlong/Library/Java/Extensions:/Library/Java/Extensions:/Network/Library/Java/Extensions:/System/Library/Java/Extensions:/usr/lib/java:."/>
    <property name="java.vm.info" value="mixed mode, sharing"/>
    <property name="java.vendor" value="Oracle Corporation"/>
    <property name="java.vm.version" value="17.0.8+9-LTS-211"/>
    <property name="sun.io.unicode.encoding" value="UnicodeBig"/>
    <property name="maven.repo.local" value="/Users/qianlong/Git/Study/project/maven/apache-maven-3.9.5/mvn_repo"/>
    <property name="java.class.version" value="61.0"/>
  </properties>
  <testcase name="contextLoads" classname="com.bigc.TliasWebManagementApplicationTests" time="0.007"/>
</testsuite>